<?xml version="1.0" encoding="UTF-8"?>
<testng-results ignored="0" total="18" passed="16" failed="2" skipped="0">
  <reporter-output>
  </reporter-output>
  <suite started-at="2024-02-08T13:43:51 IST" name="Surefire suite" finished-at="2024-02-08T13:44:18 IST" duration-ms="27242">
    <groups>
    </groups>
    <test started-at="2024-02-08T13:43:51 IST" name="Surefire test" finished-at="2024-02-08T13:44:18 IST" duration-ms="27242">
      <class name="com.petstore.tests.user.FindListOfUsersWithInputArrayTest">
        <test-method signature="addNewPetToStore()" started-at="2024-02-08T13:44:12 IST" name="addNewPetToStore" finished-at="2024-02-08T13:44:13 IST" duration-ms="1498" status="PASS">
          <reporter-output>
          </reporter-output>
        </test-method> <!-- addNewPetToStore -->
      </class> <!-- com.petstore.tests.user.FindListOfUsersWithInputArrayTest -->
      <class name="com.petstore.tests.store.GetPetInventoriesByStatusTest">
        <test-method signature="deletePet()" started-at="2024-02-08T13:44:06 IST" name="deletePet" finished-at="2024-02-08T13:44:07 IST" duration-ms="1147" status="PASS">
          <reporter-output>
          </reporter-output>
        </test-method> <!-- deletePet -->
      </class> <!-- com.petstore.tests.store.GetPetInventoriesByStatusTest -->
      <class name="com.petstore.tests.store.FindPurchaseOrderByIdTest">
        <test-method signature="testFindPetsByStatus()" started-at="2024-02-08T13:44:04 IST" name="testFindPetsByStatus" finished-at="2024-02-08T13:44:06 IST" duration-ms="1151" status="PASS">
          <reporter-output>
          </reporter-output>
        </test-method> <!-- testFindPetsByStatus -->
      </class> <!-- com.petstore.tests.store.FindPurchaseOrderByIdTest -->
      <class name="com.petstore.tests.Pet.PetUpdateWithFormTest">
        <test-method signature="testUpdatePet()" started-at="2024-02-08T13:43:58 IST" name="testUpdatePet" finished-at="2024-02-08T13:43:59 IST" duration-ms="1252" status="PASS">
          <reporter-output>
          </reporter-output>
        </test-method> <!-- testUpdatePet -->
      </class> <!-- com.petstore.tests.Pet.PetUpdateWithFormTest -->
      <class name="com.petstore.tests.store.DeletePetByOrderIdTest">
        <test-method signature="deletePet()" started-at="2024-02-08T13:44:03 IST" name="deletePet" finished-at="2024-02-08T13:44:04 IST" duration-ms="1238" status="PASS">
          <reporter-output>
          </reporter-output>
        </test-method> <!-- deletePet -->
      </class> <!-- com.petstore.tests.store.DeletePetByOrderIdTest -->
      <class name="com.petstore.tests.user.CreateUsersWithListTest">
        <test-method signature="addNewPetToStore()" started-at="2024-02-08T13:44:08 IST" name="addNewPetToStore" finished-at="2024-02-08T13:44:09 IST" duration-ms="1306" status="PASS">
          <reporter-output>
          </reporter-output>
        </test-method> <!-- addNewPetToStore -->
      </class> <!-- com.petstore.tests.user.CreateUsersWithListTest -->
      <class name="com.petstore.tests.Pet.FindPetsByStatusTest">
        <test-method signature="testFindPetsByStatus()" started-at="2024-02-08T13:43:53 IST" name="testFindPetsByStatus" finished-at="2024-02-08T13:43:55 IST" duration-ms="1854" status="PASS">
          <reporter-output>
          </reporter-output>
        </test-method> <!-- testFindPetsByStatus -->
      </class> <!-- com.petstore.tests.Pet.FindPetsByStatusTest -->
      <class name="com.petstore.tests.Pet.FindPetByIdTest">
        <test-method signature="testFindPetsByStatus()" started-at="2024-02-08T13:43:52 IST" name="testFindPetsByStatus" finished-at="2024-02-08T13:43:53 IST" duration-ms="1176" status="FAIL">
          <exception class="java.lang.AssertionError">
            <message>
              <![CDATA[expected:<404> but was:<200>]]>
            </message>
            <full-stacktrace>
              <![CDATA[java.lang.AssertionError: expected:<404> but was:<200>
at org.junit.Assert.fail(Assert.java:89)
at org.junit.Assert.failNotEquals(Assert.java:835)
at org.junit.Assert.assertEquals(Assert.java:647)
at org.junit.Assert.assertEquals(Assert.java:633)
at com.petstore.tests.Pet.FindPetByIdTest.testFindPetsByStatus(FindPetByIdTest.java:26)
at java.base/jdk.internal.reflect.NativeMethodAccessorImpl.invoke0(Native Method)
at java.base/jdk.internal.reflect.NativeMethodAccessorImpl.invoke(NativeMethodAccessorImpl.java:77)
at java.base/jdk.internal.reflect.DelegatingMethodAccessorImpl.invoke(DelegatingMethodAccessorImpl.java:43)
at java.base/java.lang.reflect.Method.invoke(Method.java:568)
at org.junit.runners.model.FrameworkMethod$1.runReflectiveCall(FrameworkMethod.java:59)
at org.junit.internal.runners.model.ReflectiveCallable.run(ReflectiveCallable.java:12)
at org.junit.runners.model.FrameworkMethod.invokeExplosively(FrameworkMethod.java:56)
at org.junit.internal.runners.statements.InvokeMethod.evaluate(InvokeMethod.java:17)
at org.junit.runners.ParentRunner$3.evaluate(ParentRunner.java:306)
at org.junit.runners.BlockJUnit4ClassRunner$1.evaluate(BlockJUnit4ClassRunner.java:100)
at org.junit.runners.ParentRunner.runLeaf(ParentRunner.java:366)
at org.junit.runners.BlockJUnit4ClassRunner.runChild(BlockJUnit4ClassRunner.java:103)
at org.junit.runners.BlockJUnit4ClassRunner.runChild(BlockJUnit4ClassRunner.java:63)
at org.junit.runners.ParentRunner$4.run(ParentRunner.java:331)
at org.junit.runners.ParentRunner$1.schedule(ParentRunner.java:79)
at org.junit.runners.ParentRunner.runChildren(ParentRunner.java:329)
at org.junit.runners.ParentRunner.access$100(ParentRunner.java:66)
at org.junit.runners.ParentRunner$2.evaluate(ParentRunner.java:293)
at org.junit.internal.runners.statements.RunBefores.evaluate(RunBefores.java:26)
at org.junit.runners.ParentRunner$3.evaluate(ParentRunner.java:306)
at org.junit.runners.ParentRunner.run(ParentRunner.java:413)
at org.junit.runner.JUnitCore.run(JUnitCore.java:137)
at org.junit.runner.JUnitCore.run(JUnitCore.java:115)
at org.testng.junit.JUnit4TestRunner.start(JUnit4TestRunner.java:78)
at org.testng.junit.JUnit4TestRunner.run(JUnit4TestRunner.java:63)
at org.testng.TestRunner$1.run(TestRunner.java:708)
at java.base/java.util.ArrayList.forEach(ArrayList.java:1511)
at org.testng.TestRunner.runJUnitWorkers(TestRunner.java:898)
at org.testng.TestRunner.privateRunJUnit(TestRunner.java:737)
at org.testng.TestRunner.run(TestRunner.java:617)
at org.testng.SuiteRunner.runTest(SuiteRunner.java:443)
at org.testng.SuiteRunner.runSequentially(SuiteRunner.java:437)
at org.testng.SuiteRunner.privateRun(SuiteRunner.java:397)
at org.testng.SuiteRunner.run(SuiteRunner.java:336)
at org.testng.SuiteRunnerWorker.runSuite(SuiteRunnerWorker.java:52)
at org.testng.SuiteRunnerWorker.run(SuiteRunnerWorker.java:95)
at org.testng.TestNG.runSuitesSequentially(TestNG.java:1301)
at org.testng.TestNG.runSuitesLocally(TestNG.java:1228)
at org.testng.TestNG.runSuites(TestNG.java:1134)
at org.testng.TestNG.run(TestNG.java:1101)
at org.apache.maven.surefire.testng.TestNGExecutor.run(TestNGExecutor.java:155)
at org.apache.maven.surefire.testng.TestNGDirectoryTestSuite.executeMulti(TestNGDirectoryTestSuite.java:180)
at org.apache.maven.surefire.testng.TestNGDirectoryTestSuite.execute(TestNGDirectoryTestSuite.java:88)
at org.apache.maven.surefire.testng.TestNGProvider.invoke(TestNGProvider.java:137)
at org.apache.maven.surefire.booter.ForkedBooter.runSuitesInProcess(ForkedBooter.java:385)
at org.apache.maven.surefire.booter.ForkedBooter.execute(ForkedBooter.java:162)
at org.apache.maven.surefire.booter.ForkedBooter.run(ForkedBooter.java:507)
at org.apache.maven.surefire.booter.ForkedBooter.main(ForkedBooter.java:495)
]]>
            </full-stacktrace>
          </exception> <!-- java.lang.AssertionError -->
          <reporter-output>
          </reporter-output>
        </test-method> <!-- testFindPetsByStatus -->
      </class> <!-- com.petstore.tests.Pet.FindPetByIdTest -->
      <class name="com.petstore.tests.store.OrderPetTest">
        <test-method signature="orderPet()" started-at="2024-02-08T13:44:07 IST" name="orderPet" finished-at="2024-02-08T13:44:08 IST" duration-ms="1165" status="PASS">
          <reporter-output>
          </reporter-output>
        </test-method> <!-- orderPet -->
      </class> <!-- com.petstore.tests.store.OrderPetTest -->
      <class name="com.petstore.tests.Pet.PetUpdateTest">
        <test-method signature="addNewPetToStore()" started-at="2024-02-08T13:43:55 IST" name="addNewPetToStore" finished-at="2024-02-08T13:43:58 IST" duration-ms="2467" status="PASS">
          <reporter-output>
          </reporter-output>
        </test-method> <!-- addNewPetToStore -->
      </class> <!-- com.petstore.tests.Pet.PetUpdateTest -->
      <class name="com.petstore.tests.user.CreateUserTest">
        <test-method signature="addNewPetToStore()" started-at="2024-02-08T13:44:09 IST" name="addNewPetToStore" finished-at="2024-02-08T13:44:10 IST" duration-ms="1213" status="PASS">
          <reporter-output>
          </reporter-output>
        </test-method> <!-- addNewPetToStore -->
      </class> <!-- com.petstore.tests.user.CreateUserTest -->
      <class name="com.petstore.tests.Pet.DeletePetTest">
        <test-method signature="deletePet()" started-at="2024-02-08T13:43:51 IST" name="deletePet" finished-at="2024-02-08T13:43:52 IST" duration-ms="1219" status="FAIL">
          <exception class="java.lang.AssertionError">
            <message>
              <![CDATA[expected:<404> but was:<200>]]>
            </message>
            <full-stacktrace>
              <![CDATA[java.lang.AssertionError: expected:<404> but was:<200>
at org.junit.Assert.fail(Assert.java:89)
at org.junit.Assert.failNotEquals(Assert.java:835)
at org.junit.Assert.assertEquals(Assert.java:647)
at org.junit.Assert.assertEquals(Assert.java:633)
at com.petstore.tests.Pet.DeletePetTest.deletePet(DeletePetTest.java:26)
at java.base/jdk.internal.reflect.NativeMethodAccessorImpl.invoke0(Native Method)
at java.base/jdk.internal.reflect.NativeMethodAccessorImpl.invoke(NativeMethodAccessorImpl.java:77)
at java.base/jdk.internal.reflect.DelegatingMethodAccessorImpl.invoke(DelegatingMethodAccessorImpl.java:43)
at java.base/java.lang.reflect.Method.invoke(Method.java:568)
at org.junit.runners.model.FrameworkMethod$1.runReflectiveCall(FrameworkMethod.java:59)
at org.junit.internal.runners.model.ReflectiveCallable.run(ReflectiveCallable.java:12)
at org.junit.runners.model.FrameworkMethod.invokeExplosively(FrameworkMethod.java:56)
at org.junit.internal.runners.statements.InvokeMethod.evaluate(InvokeMethod.java:17)
at org.junit.runners.ParentRunner$3.evaluate(ParentRunner.java:306)
at org.junit.runners.BlockJUnit4ClassRunner$1.evaluate(BlockJUnit4ClassRunner.java:100)
at org.junit.runners.ParentRunner.runLeaf(ParentRunner.java:366)
at org.junit.runners.BlockJUnit4ClassRunner.runChild(BlockJUnit4ClassRunner.java:103)
at org.junit.runners.BlockJUnit4ClassRunner.runChild(BlockJUnit4ClassRunner.java:63)
at org.junit.runners.ParentRunner$4.run(ParentRunner.java:331)
at org.junit.runners.ParentRunner$1.schedule(ParentRunner.java:79)
at org.junit.runners.ParentRunner.runChildren(ParentRunner.java:329)
at org.junit.runners.ParentRunner.access$100(ParentRunner.java:66)
at org.junit.runners.ParentRunner$2.evaluate(ParentRunner.java:293)
at org.junit.internal.runners.statements.RunBefores.evaluate(RunBefores.java:26)
at org.junit.runners.ParentRunner$3.evaluate(ParentRunner.java:306)
at org.junit.runners.ParentRunner.run(ParentRunner.java:413)
at org.junit.runner.JUnitCore.run(JUnitCore.java:137)
at org.junit.runner.JUnitCore.run(JUnitCore.java:115)
at org.testng.junit.JUnit4TestRunner.start(JUnit4TestRunner.java:78)
at org.testng.junit.JUnit4TestRunner.run(JUnit4TestRunner.java:63)
at org.testng.TestRunner$1.run(TestRunner.java:708)
at java.base/java.util.ArrayList.forEach(ArrayList.java:1511)
at org.testng.TestRunner.runJUnitWorkers(TestRunner.java:898)
at org.testng.TestRunner.privateRunJUnit(TestRunner.java:737)
at org.testng.TestRunner.run(TestRunner.java:617)
at org.testng.SuiteRunner.runTest(SuiteRunner.java:443)
at org.testng.SuiteRunner.runSequentially(SuiteRunner.java:437)
at org.testng.SuiteRunner.privateRun(SuiteRunner.java:397)
at org.testng.SuiteRunner.run(SuiteRunner.java:336)
at org.testng.SuiteRunnerWorker.runSuite(SuiteRunnerWorker.java:52)
at org.testng.SuiteRunnerWorker.run(SuiteRunnerWorker.java:95)
at org.testng.TestNG.runSuitesSequentially(TestNG.java:1301)
at org.testng.TestNG.runSuitesLocally(TestNG.java:1228)
at org.testng.TestNG.runSuites(TestNG.java:1134)
at org.testng.TestNG.run(TestNG.java:1101)
at org.apache.maven.surefire.testng.TestNGExecutor.run(TestNGExecutor.java:155)
at org.apache.maven.surefire.testng.TestNGDirectoryTestSuite.executeMulti(TestNGDirectoryTestSuite.java:180)
at org.apache.maven.surefire.testng.TestNGDirectoryTestSuite.execute(TestNGDirectoryTestSuite.java:88)
at org.apache.maven.surefire.testng.TestNGProvider.invoke(TestNGProvider.java:137)
at org.apache.maven.surefire.booter.ForkedBooter.runSuitesInProcess(ForkedBooter.java:385)
at org.apache.maven.surefire.booter.ForkedBooter.execute(ForkedBooter.java:162)
at org.apache.maven.surefire.booter.ForkedBooter.run(ForkedBooter.java:507)
at org.apache.maven.surefire.booter.ForkedBooter.main(ForkedBooter.java:495)
]]>
            </full-stacktrace>
          </exception> <!-- java.lang.AssertionError -->
          <reporter-output>
          </reporter-output>
        </test-method> <!-- deletePet -->
      </class> <!-- com.petstore.tests.Pet.DeletePetTest -->
      <class name="com.petstore.tests.user.DeleteUserTest">
        <test-method signature="deleteUser()" started-at="2024-02-08T13:44:10 IST" name="deleteUser" finished-at="2024-02-08T13:44:12 IST" duration-ms="1376" status="PASS">
          <reporter-output>
          </reporter-output>
        </test-method> <!-- deleteUser -->
      </class> <!-- com.petstore.tests.user.DeleteUserTest -->
      <class name="com.petstore.tests.user.UserLogoutTest">
        <test-method signature="getUserByUsername()" started-at="2024-02-08T13:44:17 IST" name="getUserByUsername" finished-at="2024-02-08T13:44:18 IST" duration-ms="1126" status="PASS">
          <reporter-output>
          </reporter-output>
        </test-method> <!-- getUserByUsername -->
      </class> <!-- com.petstore.tests.user.UserLogoutTest -->
      <class name="com.petstore.tests.user.UpdateUserTest">
        <test-method signature="getUserByUsername()" started-at="2024-02-08T13:44:15 IST" name="getUserByUsername" finished-at="2024-02-08T13:44:16 IST" duration-ms="1326" status="PASS">
          <reporter-output>
          </reporter-output>
        </test-method> <!-- getUserByUsername -->
      </class> <!-- com.petstore.tests.user.UpdateUserTest -->
      <class name="com.petstore.tests.Pet.PetUploadImageTest">
        <test-method signature="testUploadPetImage()" started-at="2024-02-08T13:43:59 IST" name="testUploadPetImage" finished-at="2024-02-08T13:44:03 IST" duration-ms="4115" status="PASS">
          <reporter-output>
          </reporter-output>
        </test-method> <!-- testUploadPetImage -->
      </class> <!-- com.petstore.tests.Pet.PetUploadImageTest -->
      <class name="com.petstore.tests.user.UserLoginTest">
        <test-method signature="getUserByUsername()" started-at="2024-02-08T13:44:16 IST" name="getUserByUsername" finished-at="2024-02-08T13:44:17 IST" duration-ms="1208" status="PASS">
          <reporter-output>
          </reporter-output>
        </test-method> <!-- getUserByUsername -->
      </class> <!-- com.petstore.tests.user.UserLoginTest -->
      <class name="com.petstore.tests.user.GetUserByUsernameTest">
        <test-method signature="getUserByUsername()" started-at="2024-02-08T13:44:13 IST" name="getUserByUsername" finished-at="2024-02-08T13:44:15 IST" duration-ms="1247" status="PASS">
          <reporter-output>
          </reporter-output>
        </test-method> <!-- getUserByUsername -->
      </class> <!-- com.petstore.tests.user.GetUserByUsernameTest -->
    </test> <!-- Surefire test -->
  </suite> <!-- Surefire suite -->
</testng-results>
