<?xml version="1.0" encoding="UTF-8"?>
<!-- Generated by org.testng.reporters.JUnitXMLReporter -->
<testsuite ignored="0" hostname="DESKTOP-83EVOGB" failures="2" tests="18" name="Surefire test" time="27.242" errors="0" timestamp="2024-02-08T13:44:18 IST">
  <testcase classname="com.petstore.tests.Pet.DeletePetTest" name="deletePet on deletePet(com.petstore.tests.Pet.DeletePetTest)" time="1.219">
    <failure type="java.lang.AssertionError" message="expected:&amp;lt;404&amp;gt; but was:&amp;lt;200&amp;gt;">
      <![CDATA[java.lang.AssertionError: expected:<404> but was:<200>
at org.junit.Assert.fail(Assert.java:89)
at org.junit.Assert.failNotEquals(Assert.java:835)
at org.junit.Assert.assertEquals(Assert.java:647)
at org.junit.Assert.assertEquals(Assert.java:633)
at com.petstore.tests.Pet.DeletePetTest.deletePet(DeletePetTest.java:26)
at org.junit.runners.model.FrameworkMethod$1.runReflectiveCall(FrameworkMethod.java:59)
at org.junit.internal.runners.model.ReflectiveCallable.run(ReflectiveCallable.java:12)
at org.junit.runners.model.FrameworkMethod.invokeExplosively(FrameworkMethod.java:56)
at org.junit.internal.runners.statements.InvokeMethod.evaluate(InvokeMethod.java:17)
at org.junit.runners.ParentRunner$3.evaluate(ParentRunner.java:306)
at org.junit.runners.BlockJUnit4ClassRunner$1.evaluate(BlockJUnit4ClassRunner.java:100)
at org.junit.runners.ParentRunner.runLeaf(ParentRunner.java:366)
at org.junit.runners.BlockJUnit4ClassRunner.runChild(BlockJUnit4ClassRunner.java:103)
at org.junit.runners.BlockJUnit4ClassRunner.runChild(BlockJUnit4ClassRunner.java:63)
at org.junit.runners.ParentRunner$4.run(ParentRunner.java:331)
at org.junit.runners.ParentRunner$1.schedule(ParentRunner.java:79)
at org.junit.runners.ParentRunner.runChildren(ParentRunner.java:329)
at org.junit.runners.ParentRunner.access$100(ParentRunner.java:66)
at org.junit.runners.ParentRunner$2.evaluate(ParentRunner.java:293)
at org.junit.internal.runners.statements.RunBefores.evaluate(RunBefores.java:26)
at org.junit.runners.ParentRunner$3.evaluate(ParentRunner.java:306)
at org.junit.runners.ParentRunner.run(ParentRunner.java:413)
at org.junit.runner.JUnitCore.run(JUnitCore.java:137)
at org.junit.runner.JUnitCore.run(JUnitCore.java:115)
at java.base/java.util.ArrayList.forEach(ArrayList.java:1511)
... Removed 28 stack frames]]>
    </failure>
  </testcase> <!-- deletePet on deletePet(com.petstore.tests.Pet.DeletePetTest) -->
  <testcase classname="com.petstore.tests.Pet.FindPetByIdTest" name="testFindPetsByStatus on testFindPetsByStatus(com.petstore.tests.Pet.FindPetByIdTest)" time="1.176">
    <failure type="java.lang.AssertionError" message="expected:&amp;lt;404&amp;gt; but was:&amp;lt;200&amp;gt;">
      <![CDATA[java.lang.AssertionError: expected:<404> but was:<200>
at org.junit.Assert.fail(Assert.java:89)
at org.junit.Assert.failNotEquals(Assert.java:835)
at org.junit.Assert.assertEquals(Assert.java:647)
at org.junit.Assert.assertEquals(Assert.java:633)
at com.petstore.tests.Pet.FindPetByIdTest.testFindPetsByStatus(FindPetByIdTest.java:26)
at org.junit.runners.model.FrameworkMethod$1.runReflectiveCall(FrameworkMethod.java:59)
at org.junit.internal.runners.model.ReflectiveCallable.run(ReflectiveCallable.java:12)
at org.junit.runners.model.FrameworkMethod.invokeExplosively(FrameworkMethod.java:56)
at org.junit.internal.runners.statements.InvokeMethod.evaluate(InvokeMethod.java:17)
at org.junit.runners.ParentRunner$3.evaluate(ParentRunner.java:306)
at org.junit.runners.BlockJUnit4ClassRunner$1.evaluate(BlockJUnit4ClassRunner.java:100)
at org.junit.runners.ParentRunner.runLeaf(ParentRunner.java:366)
at org.junit.runners.BlockJUnit4ClassRunner.runChild(BlockJUnit4ClassRunner.java:103)
at org.junit.runners.BlockJUnit4ClassRunner.runChild(BlockJUnit4ClassRunner.java:63)
at org.junit.runners.ParentRunner$4.run(ParentRunner.java:331)
at org.junit.runners.ParentRunner$1.schedule(ParentRunner.java:79)
at org.junit.runners.ParentRunner.runChildren(ParentRunner.java:329)
at org.junit.runners.ParentRunner.access$100(ParentRunner.java:66)
at org.junit.runners.ParentRunner$2.evaluate(ParentRunner.java:293)
at org.junit.internal.runners.statements.RunBefores.evaluate(RunBefores.java:26)
at org.junit.runners.ParentRunner$3.evaluate(ParentRunner.java:306)
at org.junit.runners.ParentRunner.run(ParentRunner.java:413)
at org.junit.runner.JUnitCore.run(JUnitCore.java:137)
at org.junit.runner.JUnitCore.run(JUnitCore.java:115)
at java.base/java.util.ArrayList.forEach(ArrayList.java:1511)
... Removed 28 stack frames]]>
    </failure>
  </testcase> <!-- testFindPetsByStatus on testFindPetsByStatus(com.petstore.tests.Pet.FindPetByIdTest) -->
  <testcase classname="com.petstore.tests.Pet.FindPetsByStatusTest" name="testFindPetsByStatus on testFindPetsByStatus(com.petstore.tests.Pet.FindPetsByStatusTest)" time="1.854"/>
  <testcase classname="com.petstore.tests.Pet.PetUpdateTest" name="addNewPetToStore on addNewPetToStore(com.petstore.tests.Pet.PetUpdateTest)" time="2.467"/>
  <testcase classname="com.petstore.tests.Pet.PetUpdateWithFormTest" name="testUpdatePet on testUpdatePet(com.petstore.tests.Pet.PetUpdateWithFormTest)" time="1.252"/>
  <testcase classname="com.petstore.tests.Pet.PetUploadImageTest" name="testUploadPetImage on testUploadPetImage(com.petstore.tests.Pet.PetUploadImageTest)" time="4.115"/>
  <testcase classname="com.petstore.tests.store.DeletePetByOrderIdTest" name="deletePet on deletePet(com.petstore.tests.store.DeletePetByOrderIdTest)" time="1.238"/>
  <testcase classname="com.petstore.tests.store.FindPurchaseOrderByIdTest" name="testFindPetsByStatus on testFindPetsByStatus(com.petstore.tests.store.FindPurchaseOrderByIdTest)" time="1.151"/>
  <testcase classname="com.petstore.tests.store.GetPetInventoriesByStatusTest" name="deletePet on deletePet(com.petstore.tests.store.GetPetInventoriesByStatusTest)" time="1.147"/>
  <testcase classname="com.petstore.tests.store.OrderPetTest" name="orderPet on orderPet(com.petstore.tests.store.OrderPetTest)" time="1.165"/>
  <testcase classname="com.petstore.tests.user.CreateUsersWithListTest" name="addNewPetToStore on addNewPetToStore(com.petstore.tests.user.CreateUsersWithListTest)" time="1.306"/>
  <testcase classname="com.petstore.tests.user.CreateUserTest" name="addNewPetToStore on addNewPetToStore(com.petstore.tests.user.CreateUserTest)" time="1.213"/>
  <testcase classname="com.petstore.tests.user.DeleteUserTest" name="deleteUser on deleteUser(com.petstore.tests.user.DeleteUserTest)" time="1.376"/>
  <testcase classname="com.petstore.tests.user.FindListOfUsersWithInputArrayTest" name="addNewPetToStore on addNewPetToStore(com.petstore.tests.user.FindListOfUsersWithInputArrayTest)" time="1.498"/>
  <testcase classname="com.petstore.tests.user.GetUserByUsernameTest" name="getUserByUsername on getUserByUsername(com.petstore.tests.user.GetUserByUsernameTest)" time="1.247"/>
  <testcase classname="com.petstore.tests.user.UpdateUserTest" name="getUserByUsername on getUserByUsername(com.petstore.tests.user.UpdateUserTest)" time="1.326"/>
  <testcase classname="com.petstore.tests.user.UserLoginTest" name="getUserByUsername on getUserByUsername(com.petstore.tests.user.UserLoginTest)" time="1.208"/>
  <testcase classname="com.petstore.tests.user.UserLogoutTest" name="getUserByUsername on getUserByUsername(com.petstore.tests.user.UserLogoutTest)" time="1.126"/>
</testsuite> <!-- Surefire test -->
